2021-03-05 08:41:30,403 INFO 17948 [egg-logrotator] app logger reload: got log-reload message
2021-03-05 08:46:45,526 INFO 9732 [egg:logger] init all loggers with options: {"dir":"E:\\project\\Awesome\\thinkplayer-egg\\logs\\myegg","encoding":"utf8","env":"local","level":"INFO","consoleLevel":"INFO","disableConsoleAfterReady":false,"outputJSON":false,"buffer":true,"appLogName":"myegg-web.log","coreLogName":"egg-web.log","agentLogName":"egg-agent.log","errorLogName":"common-error.log","coreLogger":{"consoleLevel":"WARN"},"allowDebugAtProd":false,"type":"application"}
2021-03-05 08:46:45,546 INFO 9732 [egg-multipart] stream mode enable
2021-03-05 08:46:45,611 INFO 9732 [egg-static] starting static serve /public/ -> E:\project\Awesome\thinkplayer-egg\app\public
2021-03-05 08:46:45,613 INFO 9732 [egg-security] use methodnoallow middleware
2021-03-05 08:46:45,613 INFO 9732 [egg-security] use noopen middleware
2021-03-05 08:46:45,614 INFO 9732 [egg-security] use nosniff middleware
2021-03-05 08:46:45,614 INFO 9732 [egg-security] use xssProtection middleware
2021-03-05 08:46:45,615 INFO 9732 [egg-security] use xframe middleware
2021-03-05 08:46:45,615 INFO 9732 [egg-security] use dta middleware
2021-03-05 08:46:45,615 INFO 9732 [egg-security] compose 6 middlewares into one security middleware
2021-03-05 08:46:45,620 INFO 9732 [egg:core] dump config after load, 2ms
2021-03-05 08:46:45,627 INFO 9732 [egg-watcher:application] watcher start success
2021-03-05 08:46:45,633 INFO 9732 [egg:core] dump config after ready, 4ms
2021-03-05 11:35:50,225 INFO 20992 [egg:logger] init all loggers with options: {"dir":"E:\\project\\Awesome\\thinkplayer-egg\\logs\\myegg","encoding":"utf8","env":"local","level":"INFO","consoleLevel":"INFO","disableConsoleAfterReady":false,"outputJSON":false,"buffer":true,"appLogName":"myegg-web.log","coreLogName":"egg-web.log","agentLogName":"egg-agent.log","errorLogName":"common-error.log","coreLogger":{"consoleLevel":"WARN"},"allowDebugAtProd":false,"type":"application"}
2021-03-05 11:35:50,250 INFO 20992 [egg-multipart] stream mode enable
2021-03-05 11:35:50,359 INFO 20992 [egg-static] starting static serve /public/ -> E:\project\Awesome\thinkplayer-egg\app\public
2021-03-05 11:35:50,361 INFO 20992 [egg-security] use methodnoallow middleware
2021-03-05 11:35:50,361 INFO 20992 [egg-security] use noopen middleware
2021-03-05 11:35:50,362 INFO 20992 [egg-security] use nosniff middleware
2021-03-05 11:35:50,363 INFO 20992 [egg-security] use xssProtection middleware
2021-03-05 11:35:50,363 INFO 20992 [egg-security] use xframe middleware
2021-03-05 11:35:50,364 INFO 20992 [egg-security] use dta middleware
2021-03-05 11:35:50,364 INFO 20992 [egg-security] compose 6 middlewares into one security middleware
2021-03-05 11:35:50,371 INFO 20992 [egg:core] dump config after load, 4ms
2021-03-05 11:35:50,382 INFO 20992 [egg-watcher:application] watcher start success
2021-03-05 11:35:50,388 INFO 20992 [egg:core] dump config after ready, 4ms
2021-03-05 11:35:51,106 INFO 16764 [egg:logger] init all loggers with options: {"dir":"E:\\project\\Awesome\\thinkplayer-egg\\logs\\myegg","encoding":"utf8","env":"local","level":"INFO","consoleLevel":"INFO","disableConsoleAfterReady":false,"outputJSON":false,"buffer":true,"appLogName":"myegg-web.log","coreLogName":"egg-web.log","agentLogName":"egg-agent.log","errorLogName":"common-error.log","coreLogger":{"consoleLevel":"WARN"},"allowDebugAtProd":false,"type":"application"}
2021-03-05 11:35:51,126 INFO 16764 [egg-multipart] stream mode enable
2021-03-05 11:35:51,213 INFO 16764 [egg-static] starting static serve /public/ -> E:\project\Awesome\thinkplayer-egg\app\public
2021-03-05 11:35:51,214 INFO 16764 [egg-security] use methodnoallow middleware
2021-03-05 11:35:51,215 INFO 16764 [egg-security] use noopen middleware
2021-03-05 11:35:51,216 INFO 16764 [egg-security] use nosniff middleware
2021-03-05 11:35:51,216 INFO 16764 [egg-security] use xssProtection middleware
2021-03-05 11:35:51,217 INFO 16764 [egg-security] use xframe middleware
2021-03-05 11:35:51,217 INFO 16764 [egg-security] use dta middleware
2021-03-05 11:35:51,217 INFO 16764 [egg-security] compose 6 middlewares into one security middleware
2021-03-05 11:35:51,227 INFO 16764 [egg:core] dump config after load, 6ms
2021-03-05 11:35:51,237 INFO 16764 [egg-watcher:application] watcher start success
2021-03-05 11:35:51,244 INFO 16764 [egg:core] dump config after ready, 5ms
2021-03-10 12:03:53,976 INFO 3788 [egg:logger] init all loggers with options: {"dir":"E:\\project\\Awesome\\thinkplayer-egg\\logs\\myegg","encoding":"utf8","env":"local","level":"INFO","consoleLevel":"INFO","disableConsoleAfterReady":false,"outputJSON":false,"buffer":true,"appLogName":"myegg-web.log","coreLogName":"egg-web.log","agentLogName":"egg-agent.log","errorLogName":"common-error.log","coreLogger":{"consoleLevel":"WARN"},"allowDebugAtProd":false,"type":"application"}
2021-03-10 12:03:54,000 INFO 3788 [egg-multipart] stream mode enable
2021-03-10 12:03:54,136 INFO 3788 [egg-static] starting static serve /public/ -> E:\project\Awesome\thinkplayer-egg\app\public
2021-03-10 12:03:54,138 INFO 3788 [egg-security] use methodnoallow middleware
2021-03-10 12:03:54,139 INFO 3788 [egg-security] use noopen middleware
2021-03-10 12:03:54,140 INFO 3788 [egg-security] use nosniff middleware
2021-03-10 12:03:54,140 INFO 3788 [egg-security] use xssProtection middleware
2021-03-10 12:03:54,141 INFO 3788 [egg-security] use xframe middleware
2021-03-10 12:03:54,141 INFO 3788 [egg-security] use dta middleware
2021-03-10 12:03:54,141 INFO 3788 [egg-security] compose 6 middlewares into one security middleware
2021-03-10 12:03:54,148 INFO 3788 [egg:core] dump config after load, 3ms
2021-03-10 12:03:54,157 INFO 3788 [egg-watcher:application] watcher start success
2021-03-10 12:03:54,162 INFO 3788 [egg:core] dump config after ready, 4ms
2021-03-10 12:03:55,210 INFO 17008 [egg:logger] init all loggers with options: {"dir":"E:\\project\\Awesome\\thinkplayer-egg\\logs\\myegg","encoding":"utf8","env":"local","level":"INFO","consoleLevel":"INFO","disableConsoleAfterReady":false,"outputJSON":false,"buffer":true,"appLogName":"myegg-web.log","coreLogName":"egg-web.log","agentLogName":"egg-agent.log","errorLogName":"common-error.log","coreLogger":{"consoleLevel":"WARN"},"allowDebugAtProd":false,"type":"application"}
2021-03-10 12:03:55,235 INFO 17008 [egg-multipart] stream mode enable
2021-03-10 12:03:55,337 INFO 17008 [egg-static] starting static serve /public/ -> E:\project\Awesome\thinkplayer-egg\app\public
2021-03-10 12:03:55,339 INFO 17008 [egg-security] use methodnoallow middleware
2021-03-10 12:03:55,340 INFO 17008 [egg-security] use noopen middleware
2021-03-10 12:03:55,341 INFO 17008 [egg-security] use nosniff middleware
2021-03-10 12:03:55,342 INFO 17008 [egg-security] use xssProtection middleware
2021-03-10 12:03:55,342 INFO 17008 [egg-security] use xframe middleware
2021-03-10 12:03:55,343 INFO 17008 [egg-security] use dta middleware
2021-03-10 12:03:55,343 INFO 17008 [egg-security] compose 6 middlewares into one security middleware
2021-03-10 12:03:55,349 INFO 17008 [egg:core] dump config after load, 3ms
2021-03-10 12:03:55,357 INFO 17008 [egg-watcher:application] watcher start success
2021-03-10 12:03:55,362 INFO 17008 [egg:core] dump config after ready, 4ms
